Importing environment from .env file
THIS APP IS IN DEBUG MODE.                 YOU SHOULD NOT SEE THIS IN PRODUCTION.
 * Serving Flask app 'app'
 * Debug mode: on
[31m[1mWARNING: This is a development server. Do not use it in a production deployment. Use a production WSGI server instead.[0m
 * Running on all addresses (0.0.0.0)
 * Running on http://127.0.0.1:5000
 * Running on http://172.17.7.255:5000
[33mPress CTRL+C to quit[0m
 * Restarting with stat
 * Debugger is active!
 * Debugger PIN: 297-377-959
 * Detected change in '/root/projects/flask-base/venv/lib/python3.12/site-packages/flask/logging.py', reloading
Importing environment from .env file
THIS APP IS IN DEBUG MODE.                 YOU SHOULD NOT SEE THIS IN PRODUCTION.
 * Restarting with stat
Traceback (most recent call last):
  File "/root/projects/flask-base/start.py", line 3, in <module>
    from flask import Flask
  File "/root/projects/flask-base/venv/lib/python3.12/site-packages/flask/__init__.py", line 14, in <module>
    from jinja2 import escape
  File "/root/projects/flask-base/venv/lib/python3.12/site-packages/jinja2/__init__.py", line 12, in <module>
    from .environment import Environment
  File "/root/projects/flask-base/venv/lib/python3.12/site-packages/jinja2/environment.py", line 25, in <module>
    from .defaults import BLOCK_END_STRING
  File "/root/projects/flask-base/venv/lib/python3.12/site-packages/jinja2/defaults.py", line 3, in <module>
    from .filters import FILTERS as DEFAULT_FILTERS  # noqa: F401
    ^^^^^^^^^^^^^^^^^^^^^^^^^^^^^^^^^^^^^^^^^^^^^^^
  File "/root/projects/flask-base/venv/lib/python3.12/site-packages/jinja2/filters.py", line 13, in <module>
    from markupsafe import soft_unicode
ImportError: cannot import name 'soft_unicode' from 'markupsafe' (/root/projects/flask-base/venv/lib/python3.12/site-packages/markupsafe/__init__.py)
